<?xml version="1.0" encoding="UTF-8"?>
<!-- Generated by org.testng.reporters.JUnitXMLReporter -->
<testsuite ignored="2" hostname="DESKTOP-CC5NDI8" failures="0" tests="0" time="6.684" errors="0" timestamp="2022-09-16T15:52:55 IST">
  <testcase classname="TestNGpackage.Test1" name="LaunchurL" time="0.0">
    <ignored/>
  </testcase> <!-- LaunchurL -->
  <testcase classname="TestNGpackage.Test1" name="CreatingLoginPage" time="0.0">
    <ignored/>
  </testcase> <!-- CreatingLoginPage -->
</testsuite>
