<?xml version="1.0" encoding="UTF-8"?>
<!-- Generated by org.testng.reporters.JUnitXMLReporter -->
<testsuite ignored="1" hostname="DESKTOP-CC5NDI8" failures="1" tests="1" name="Test1" time="19.816" errors="0" timestamp="2022-09-12T14:50:51 IST">
  <testcase classname="TestNgScreenshot.testClass" name="testgoogle" time="4.647">
    <failure type="java.lang.AssertionError" message="title is matching expected [HYR turotial - Google Searchss] but found [HYR turotial - Google Search]">
      <![CDATA[java.lang.AssertionError: title is matching expected [HYR turotial - Google Searchss] but found [HYR turotial - Google Search]
at TestNgScreenshot.testClass.testgoogle(testClass.java:15)
at java.base/java.util.ArrayList.forEach(ArrayList.java:1511)
... Removed 32 stack frames]]>
    </failure>
  </testcase> <!-- testgoogle -->
  <testcase classname="TestNgScreenshot.testClass" name="testOrangerHRM" time="0.0">
    <ignored/>
  </testcase> <!-- testOrangerHRM -->
</testsuite> <!-- Test1 -->
