<?xml version="1.0" encoding="UTF-8"?>
<!-- Generated by org.testng.reporters.JUnitXMLReporter -->
<testsuite ignored="0" hostname="DESKTOP-CC5NDI8" failures="1" tests="2" name="Command line test" time="20.248" errors="0" timestamp="2022-09-16T19:47:02 IST">
  <testcase classname="TestOrangeHRM.VrifyTest" name="log" time="6.428"/>
  <testcase classname="TestOrangeHRM.VrifyTest" name="homepg" time="3.657">
    <failure type="java.lang.AssertionError" message="null">
      <![CDATA[java.lang.AssertionError: null
at TestOrangeHRM.VrifyTest.homepg(VrifyTest.java:60)
at java.base/java.util.ArrayList.forEach(ArrayList.java:1511)
... Removed 38 stack frames]]>
    </failure>
  </testcase> <!-- homepg -->
</testsuite> <!-- Command line test -->
